2026-01-05 11:07:24	Query: 
      SELECT id, productid, type, size, price,incomerate, custgmail, custaddress, 
             memberid,membername, cdate, membercf, detail, cfdate
      FROM public.tborderpd 
      ORDER BY cdate DESC
      LIMIT $1 OFFSET $2;
    

Params: 12,0
2026-01-05 11:23:14	Query: 
      SELECT id, productid, type, size, price,incomerate, custgmail, custaddress, 
             memberid,membername, cdate, membercf, detail, cfdate
      FROM public.tborderpd
      WHERE id = $1
      ORDER BY cdate DESC;
    

Params: 1
2026-01-05 17:40:51	Query: 
  INSERT INTO public.tbchannel(
	id, name, detail, image, cdate)
	VALUES ($1, $2, $3, $4, NOW());
    RETURNING *;
    

Params: 1,Tsho,i will input more detail later,sell-1767609650258-429508720-tourw.jpg
2026-01-05 17:54:08	Query: 
      SELECT COUNT(*) AS total
      FROM public.tbproduct p where p.channel=$1
      WHERE p.status = '1';
    

Params: 
